2024-08-28 14:23:19; 2024-08-28; 14:23:19; [0] PING; 
2024-08-28 14:23:20; ; 14:23:20; [0]/[0] PING PONG
2024-08-28 14:23:22; 2024-08-28; 14:23:22; [1] PING; 
2024-08-28 14:23:22; ; ; ; 14:23:22; [0] keepalive
2024-08-28 14:23:23; 2024-08-28; 14:23:23; [2] PING; 
2024-08-28 14:23:23; ; 14:23:23; [1]/[1] PING PONG
2024-08-28 14:23:23; 2024-08-28; 14:23:23; [3] PING; 
2024-08-28 14:23:23; ; 14:23:23; [2]/[2] PING PONG
2024-08-28 14:23:26; 2024-08-28; 14:23:26; [4] PING; 
2024-08-28 14:23:26; ; 14:23:26; [3]/[3] PING PONG
2024-08-28 14:23:27; 2024-08-28; 14:23:27; [5] PING; 
2024-08-28 14:23:27; ; ; ; 14:23:27; [1] keepalive
[4]/[4] PING PONG
2024-08-28 14:23:30; 2024-08-28; 14:23:30; [6] PING; 
2024-08-28 14:23:30; ; 14:23:30; [5]/[5] PING PONG
2024-08-28 14:23:33; 2024-08-28; 14:23:33; [7] PING; 
2024-08-28 14:23:33; ; ; ; 14:23:33; [6]/[6] PING PONG[2] keepalive
2024-08-28 14:23:50; 2024-08-28; 14:23:50; [0] PING; 
2024-08-28 14:23:50; ; 14:23:50; [0]/[0] PING PONG
2024-08-28 14:23:52; 2024-08-28; 14:23:52; [1] PING; 
2024-08-28 14:23:53; ; 14:23:53; [1]/[1] PING PONG
2024-08-28 14:23:54; 2024-08-28; 14:23:54; [2] PING; 
2024-08-28 14:23:54; ; ; ; 14:23:54; [0] keepalive
2024-08-28 14:23:56; 2024-08-28; 14:23:56; [3] PING; 
2024-08-28 14:23:57; ; 14:23:57; [2]/[3] PING PONG
2024-08-28 14:23:58; 2024-08-28; 14:23:58; [4] PING; 
2024-08-28 14:23:58; ; ; ; 14:23:58; [1] keepalive
2024-08-28 14:24:00; 2024-08-28; 14:24:00; [5] PING; 
2024-08-28 14:24:00; ; 14:24:00; [3]/[4] PING PONG
2024-08-28 14:24:00; 2024-08-28; 14:24:00; [6] PING; 
2024-08-28 14:24:00; ; 14:24:00; [4]/[5] PING PONG
2024-08-28 14:24:03; 2024-08-28; 14:24:03; [7] PING; 
2024-08-28 14:24:03; ; 14:24:03; [5]/[7] PING PONG
2024-08-28 14:24:41; 2024-08-28; 14:24:41; [0] PING; 
2024-08-28 14:24:42; ; 14:24:42; [0]/[0] PING PONG
2024-08-28 14:24:44; 2024-08-28; 14:24:44; [1] PING; 
2024-08-28 14:24:44; ; ; ; 14:24:44; [0] keepalive
2024-08-28 14:24:47; 2024-08-28; 14:24:47; [2] PING; 
2024-08-28 14:24:47; ; 14:24:47; [1]/[1] PING PONG
2024-08-28 14:24:49; 2024-08-28; 14:24:49; [3] PING; 
2024-08-28 14:24:49; ; ; ; 14:24:49; [2]/[2] PING PONG[1] keepalive
2024-08-28 14:24:52; 2024-08-28; 14:24:52; [4] PING; 
2024-08-28 14:24:52; ; 14:24:52; [3]/[3] PING PONG
2024-08-28 14:24:54; 2024-08-28; 14:24:54; [5] PING; 
2024-08-28 14:24:54; ; ; ; 14:24:54; [4]/[4] PING PONG[2] keepalive
2024-08-28 14:24:55; 2024-08-28; 14:24:55; [6] PING; 
2024-08-28 14:24:55; ; 14:24:55; [5]/[5] PING PONG
2024-08-28 14:24:57; 2024-08-28; 14:24:57; [7] PING; 
2024-08-28 14:24:57; ; 14:24:57; [6]/[6] PING PONG
2024-08-28 14:25:00; 2024-08-28; 14:25:00; [8] PING; 
2024-08-28 14:25:00; ; ; ; 14:25:00; [7]/[7] PING PONG[3] keepalive
2024-08-28 14:25:00; 2024-08-28; 14:25:00; [9] PING; 
2024-08-28 14:25:00; ; 14:25:00; [8]/[8] PING PONG
2024-08-28 14:25:01; 2024-08-28; 14:25:01; [10] PING; 
2024-08-28 14:25:01; ; 14:25:01; [9]/[9] PING PONG
2024-08-28 14:25:03; 2024-08-28; 14:25:03; [11] PING; 
2024-08-28 14:25:03; ; 14:25:03; [10]/[10] PING PONG
2024-08-28 14:25:05; 2024-08-28; 14:25:05; [12] PING; 
2024-08-28 14:25:05; ; ; ; 14:25:05; [11]/[11] PING PONG[4] keepalive
2024-08-28 14:25:07; 2024-08-28; 14:25:07; [13] PING; 
2024-08-28 14:25:07; ; 14:25:07; [12]/[12] PING PONG
2024-08-28 14:25:09; 2024-08-28; 14:25:09; [14] PING; 
2024-08-28 14:25:09; ; ; ; 14:25:09; [13]/[13] PING PONG[5] keepalive
2024-08-28 14:25:11; 2024-08-28; 14:25:11; [15] PING; 
2024-08-28 14:25:11; ; 14:25:11; [14]/[14] PING PONG
2024-08-28 14:25:12; 2024-08-28; 14:25:12; [16] PING; 
2024-08-28 14:25:12; ; 14:25:12; [15]/[15] PING PONG
2024-08-28 14:25:15; 2024-08-28; 14:25:15; [17] PING; 
2024-08-28 14:25:15; ; ; ; 14:25:15; [16]/[16] PING PONG[6] keepalive
2024-08-28 14:25:17; 2024-08-28; 14:25:17; [18] PING; 
2024-08-28 14:25:18; ; 14:25:18; [17]/[18] PING PONG
2024-08-28 14:25:20; 2024-08-28; 14:25:20; [19] PING; 
2024-08-28 14:25:20; ; ; ; 14:25:20; [7] keepalive
2024-08-28 14:25:22; 2024-08-28; 14:25:22; [20] PING; 
2024-08-28 14:25:22; ; 14:25:22; [18]/[19] PING PONG
2024-08-28 14:25:24; 2024-08-28; 14:25:24; [21] PING; 
2024-08-28 14:25:24; ; ; ; 14:25:24; [19]/[20] PING PONG[8] keepalive
2024-08-28 14:25:27; 2024-08-28; 14:25:27; [22] PING; 
2024-08-28 14:25:28; ; 14:25:28; [20]/[22] PING PONG
2024-08-28 14:25:29; 2024-08-28; 14:25:29; [23] PING; 
2024-08-28 14:25:29; ; ; ; 14:25:29; [9] keepalive
2024-08-28 14:25:31; 2024-08-28; 14:25:31; [24] PING; 
2024-08-28 14:25:34; ; ; ; 14:25:34; [10] keepalive
2024-08-28 14:25:35; 2024-08-28; 14:25:35; [25] PING; 
2024-08-28 14:25:36; ; 14:25:36; [21]/[25] PING PONG
2024-08-28 14:25:37; 2024-08-28; 14:25:37; [26] PING; 
2024-08-28 14:25:38; ; 14:25:38; [22]/[26] PING PONG
2024-08-28 14:25:40; 2024-08-28; 14:25:40; [27] PING; 
2024-08-28 14:25:40; ; ; ; 14:25:40; [11] keepalive
2024-08-28 14:25:42; 2024-08-28; 14:25:42; [28] PING; 
2024-08-28 14:25:42; ; 14:25:42; [23]/[27] PING PONG
2024-08-28 14:25:45; 2024-08-28; 14:25:45; [29] PING; 
2024-08-28 14:25:45; ; ; ; 14:25:45; [24]/[28] PING PONG[12] keepalive
2024-08-28 14:25:46; 2024-08-28; 14:25:46; [30] PING; 
2024-08-28 14:25:46; ; 14:25:46; [25]/[29] PING PONG
2024-08-28 14:25:48; 2024-08-28; 14:25:48; [31] PING; 
2024-08-28 14:25:48; ; 14:25:48; [26]/[30] PING PONG
2024-08-28 14:25:49; 2024-08-28; 14:25:49; [32] PING; 
2024-08-28 14:25:49; ; ; ; 14:25:49; [27]/[31] PING PONG[13] keepalive
2024-08-28 14:25:52; 2024-08-28; 14:25:52; [33] PING; 
2024-08-28 14:25:52; ; 14:25:52; [28]/[32] PING PONG
2024-08-28 14:25:54; 2024-08-28; 14:25:54; [34] PING; 
2024-08-28 14:25:54; ; ; ; 14:25:54; [29]/[33] PING PONG[14] keepalive
2024-08-28 14:25:55; 2024-08-28; 14:25:55; [35] PING; 
2024-08-28 14:25:55; ; 14:25:55; [30]/[34] PING PONG
2024-08-28 14:25:57; 2024-08-28; 14:25:57; [36] PING; 
2024-08-28 14:25:57; ; 14:25:57; [31]/[35] PING PONG
2024-08-28 14:25:59; 2024-08-28; 14:25:59; [37] PING; 
2024-08-28 14:25:59; ; ; ; 14:25:59; [32]/[36] PING PONG[15] keepalive
2024-08-28 14:26:01; 2024-08-28; 14:26:01; [38] PING; 
2024-08-28 14:26:01; ; 14:26:01; [33]/[37] PING PONG
2024-08-28 14:26:02; 2024-08-28; 14:26:02; [39] PING; 
2024-08-28 14:26:02; ; 14:26:02; [34]/[38] PING PONG
2024-08-28 14:26:04; 2024-08-28; 14:26:04; [40] PING; 
2024-08-28 14:26:04; ; ; ; 14:26:04; [35]/[39] PING PONG[16] keepalive
2024-08-28 14:26:05; 2024-08-28; 14:26:05; [41] PING; 
2024-08-28 14:26:05; ; 14:26:05; [36]/[40] PING PONG
2024-08-28 14:26:08; 2024-08-28; 14:26:08; [42] PING; 
2024-08-28 14:26:08; ; 14:26:08; [37]/[42] PING PONG
2024-08-28 14:26:11; 2024-08-28; 14:26:11; [43] PING; 
2024-08-28 14:26:11; ; ; ; 14:26:11; [17] keepalive
2024-08-28 14:26:12; 2024-08-28; 14:26:12; [44] PING; 
2024-08-28 14:26:12; ; 14:26:12; [38]/[43] PING PONG
2024-08-28 14:26:13; 2024-08-28; 14:26:13; [45] PING; 
2024-08-28 14:26:13; ; 14:26:13; [39]/[44] PING PONG
2024-08-28 14:26:15; 2024-08-28; 14:26:15; [46] PING; 
2024-08-28 14:26:15; ; ; ; 14:26:15; [40]/[45] PING PONG[18] keepalive
2024-08-28 14:26:17; 2024-08-28; 14:26:17; [47] PING; 
2024-08-28 14:26:17; ; 14:26:17; [41]/[46] PING PONG
2024-08-28 14:26:19; 2024-08-28; 14:26:19; [48] PING; 
2024-08-28 14:26:19; ; ; ; 14:26:19; [42]/[47] PING PONG[19] keepalive
2024-08-28 14:26:21; 2024-08-28; 14:26:21; [49] PING; 
2024-08-28 14:26:21; ; 14:26:21; [43]/[48] PING PONG
2024-08-28 14:26:22; 2024-08-28; 14:26:22; [50] PING; 
2024-08-28 14:26:22; ; 14:26:22; [44]/[49] PING PONG
2024-08-28 14:26:24; 2024-08-28; 14:26:24; [51] PING; 
2024-08-28 14:26:24; ; ; ; 14:26:24; [45]/[50] PING PONG[20] keepalive
2024-08-28 14:26:27; 2024-08-28; 14:26:27; [52] PING; 
2024-08-28 14:26:27; ; 14:26:27; [46]/[52] PING PONG
2024-08-28 14:26:28; 2024-08-28; 14:26:28; [53] PING; 
2024-08-28 14:26:28; ; 14:26:28; [47]/[53] PING PONG
2024-08-28 14:26:29; 2024-08-28; 14:26:29; [54] PING; 
2024-08-28 14:26:29; ; ; ; 14:26:29; [21] keepalive
2024-08-28 14:26:32; 2024-08-28; 14:26:32; [55] PING; 
2024-08-28 14:26:32; ; 14:26:32; [48]/[54] PING PONG
2024-08-28 14:26:34; 2024-08-28; 14:26:34; [56] PING; 
2024-08-28 14:26:34; ; ; ; 14:26:34; [49]/[55] PING PONG[22] keepalive
2024-08-28 14:26:35; 2024-08-28; 14:26:35; [57] PING; 
2024-08-28 14:26:35; ; 14:26:35; [50]/[56] PING PONG
2024-08-28 14:26:38; 2024-08-28; 14:26:38; [58] PING; 
2024-08-28 14:26:38; ; 14:26:38; [51]/[57] PING PONG
2024-08-28 14:26:39; 2024-08-28; 14:26:39; [59] PING; 
2024-08-28 14:26:39; ; 14:26:39; [52]/[58] PING PONG
2024-08-28 14:26:39; 2024-08-28; 14:26:39; [60] PING; 
2024-08-28 14:26:39; ; ; ; 14:26:39; [23] keepalive
[53]/[59] PING PONG
2024-08-28 14:26:40; 2024-08-28; 14:26:40; [61] PING; 
2024-08-28 14:26:41; ; 14:26:41; [54]/[61] PING PONG
2024-08-28 14:26:43; 2024-08-28; 14:26:43; [62] PING; 
2024-08-28 14:26:44; ; 14:26:44; [55]/[62] PING PONG
2024-08-28 14:26:46; 2024-08-28; 14:26:46; [63] PING; 
2024-08-28 14:26:46; ; ; ; 14:26:46; [24] keepalive
2024-08-28 14:26:47; 2024-08-28; 14:26:47; [64] PING; 
2024-08-28 14:26:48; ; 14:26:48; [56]/[64] PING PONG
2024-08-28 14:26:49; 2024-08-28; 14:26:49; [65] PING; 
2024-08-28 14:26:49; ; ; ; 14:26:49; [25] keepalive
2024-08-28 14:26:52; 2024-08-28; 14:26:52; [66] PING; 
2024-08-28 14:26:52; ; 14:26:52; [57]/[65] PING PONG
2024-08-28 14:26:54; 2024-08-28; 14:26:54; [67] PING; 
2024-08-28 14:26:54; ; ; ; 14:26:54; [26] keepalive
2024-08-28 14:26:56; 2024-08-28; 14:26:56; [68] PING; 
2024-08-28 14:26:56; ; 14:26:56; [58]/[67] PING PONG
2024-08-28 14:26:57; 2024-08-28; 14:26:57; [69] PING; 
2024-08-28 14:26:57; ; 14:26:57; [59]/[68] PING PONG
2024-08-28 14:26:58; 2024-08-28; 14:26:58; [70] PING; 
2024-08-28 14:26:58; ; 14:26:58; [60]/[69] PING PONG
2024-08-28 14:26:58; 2024-08-28; 14:26:58; [71] PING; 
2024-08-28 14:26:58; ; 14:26:58; [61]/[70] PING PONG
2024-08-28 14:26:59; 2024-08-28; 14:26:59; [72] PING; 
2024-08-28 14:26:59; ; ; ; 14:26:59; [27] keepalive
2024-08-28 14:27:01; 2024-08-28; 14:27:01; [73] PING; 
2024-08-28 14:27:01; ; 14:27:01; [62]/[71] PING PONG[63]/[72] PING PONG
2024-08-28 14:27:04; 2024-08-28; 14:27:04; [74] PING; 
2024-08-28 14:27:04; ; 14:27:04; [64]/[73] PING PONG
2024-08-28 14:27:06; 2024-08-28; 14:27:06; [75] PING; 
2024-08-28 14:27:06; ; ; ; 14:27:06; [28] keepalive
[65]/[74] PING PONG
2024-08-28 14:27:07; 2024-08-28; 14:27:07; [76] PING; 
2024-08-28 14:27:07; ; 14:27:07; [66]/[75] PING PONG
2024-08-28 14:27:09; 2024-08-28; 14:27:09; [77] PING; 
2024-08-28 14:27:09; ; ; ; 14:27:09; [67]/[76] PING PONG[29] keepalive
2024-08-28 14:27:12; 2024-08-28; 14:27:12; [78] PING; 
2024-08-28 14:27:12; ; 14:27:12; [68]/[77] PING PONG
2024-08-28 14:27:13; 2024-08-28; 14:27:13; [79] PING; 
2024-08-28 14:27:13; ; 14:27:13; [69]/[78] PING PONG
2024-08-28 14:27:15; 2024-08-28; 14:27:15; [80] PING; 
2024-08-28 14:27:15; ; ; ; 14:27:15; [70]/[79] PING PONG[30] keepalive
2024-08-28 14:27:16; 2024-08-28; 14:27:16; [81] PING; 
2024-08-28 14:27:16; ; 14:27:16; [71]/[80] PING PONG
2024-08-28 14:27:17; 2024-08-28; 14:27:17; [82] PING; 
2024-08-28 14:27:17; ; 14:27:17; [72]/[81] PING PONG
2024-08-28 14:27:18; 2024-08-28; 14:27:18; [83] PING; 
2024-08-28 14:27:18; ; 14:27:18; [73]/[82] PING PONG
2024-08-28 14:27:20; 2024-08-28; 14:27:20; [84] PING; 
2024-08-28 14:27:20; ; ; ; 14:27:20; [74]/[83] PING PONG[31] keepalive
2024-08-28 14:27:21; 2024-08-28; 14:27:21; [85] PING; 
2024-08-28 14:27:21; ; 14:27:21; [75]/[84] PING PONG
2024-08-28 14:27:21; 2024-08-28; 14:27:21; [86] PING; 
2024-08-28 14:27:22; ; 14:27:22; [76]/[85] PING PONG
2024-08-28 14:27:23; 2024-08-28; 14:27:23; [87] PING; 
2024-08-28 14:27:23; ; 14:27:23; [77]/[86] PING PONG
2024-08-28 14:27:23; 2024-08-28; 14:27:23; [88] PING; 
2024-08-28 14:27:23; ; 14:27:23; [78]/[87] PING PONG
2024-08-28 14:27:26; 2024-08-28; 14:27:26; [89] PING; 
2024-08-28 14:27:26; ; ; ; 14:27:26; [32] keepalive
[79]/[88] PING PONG
2024-08-28 14:27:27; 2024-08-28; 14:27:27; [90] PING; 
2024-08-28 14:27:27; ; 14:27:27; [80]/[89] PING PONG
2024-08-28 14:27:29; 2024-08-28; 14:27:29; [91] PING; 
2024-08-28 14:27:29; ; 14:27:29; [81]/[90] PING PONG
2024-08-28 14:27:30; 2024-08-28; 14:27:30; [92] PING; 
2024-08-28 14:27:30; ; ; ; 14:27:30; [33] keepalive
[82]/[91] PING PONG
2024-08-28 14:27:32; 2024-08-28; 14:27:32; [93] PING; 
2024-08-28 14:27:32; ; 14:27:32; [83]/[92] PING PONG
2024-08-28 14:27:34; 2024-08-28; 14:27:34; [94] PING; 
2024-08-28 14:27:34; ; ; ; 14:27:34; [84]/[93] PING PONG[34] keepalive
2024-08-28 14:27:36; 2024-08-28; 14:27:36; [95] PING; 
2024-08-28 14:27:36; ; 14:27:36; [85]/[94] PING PONG
2024-08-28 14:27:37; 2024-08-28; 14:27:37; [96] PING; 
2024-08-28 14:27:38; ; 14:27:38; [86]/[96] PING PONG
2024-08-28 14:27:40; 2024-08-28; 14:27:40; [97] PING; 
2024-08-28 14:27:40; ; ; ; 14:27:40; [35] keepalive
2024-08-28 14:27:41; 2024-08-28; 14:27:41; [98] PING; 
2024-08-28 14:27:41; ; 14:27:41; [87]/[97] PING PONG
2024-08-28 14:27:44; 2024-08-28; 14:27:44; [99] PING; 
2024-08-28 14:27:44; ; 14:27:44; [88]/[98] PING PONG
2024-08-28 14:27:44; 2024-08-28; 14:27:44; [100] PING; 
2024-08-28 14:27:44; ; ; ; 14:27:44; [36] keepalive
[89]/[99] PING PONG
2024-08-28 14:27:47; 2024-08-28; 14:27:47; [101] PING; 
2024-08-28 14:27:47; ; 14:27:47; [90]/[100] PING PONG
2024-08-28 14:27:49; 2024-08-28; 14:27:49; [102] PING; 
2024-08-28 14:27:49; ; 14:27:49; [91]/[101] PING PONG
2024-08-28 14:27:51; 2024-08-28; 14:27:51; [103] PING; 
2024-08-28 14:27:51; ; ; ; 14:27:51; [37] keepalive
[92]/[102] PING PONG
2024-08-28 14:27:53; 2024-08-28; 14:27:53; [104] PING; 
2024-08-28 14:27:53; ; 14:27:53; [93]/[103] PING PONG
2024-08-28 14:27:56; 2024-08-28; 14:27:56; [105] PING; 
2024-08-28 14:27:56; ; ; ; 14:27:56; [38] keepalive
[94]/[104] PING PONG
2024-08-28 14:27:58; 2024-08-28; 14:27:58; [106] PING; 
2024-08-28 14:27:58; ; 14:27:58; [95]/[105] PING PONG
2024-08-28 14:27:59; 2024-08-28; 14:27:59; [107] PING; 
2024-08-28 14:27:59; ; ; ; 14:27:59; [96]/[106] PING PONG[39] keepalive
2024-08-28 14:28:02; 2024-08-28; 14:28:02; [108] PING; 
2024-08-28 14:28:02; ; 14:28:02; [97]/[107] PING PONG
2024-08-28 14:28:03; 2024-08-28; 14:28:03; [109] PING; 
2024-08-28 14:28:03; ; 14:28:03; [98]/[108] PING PONG
2024-08-28 14:28:04; 2024-08-28; 14:28:04; [110] PING; 
2024-08-28 14:28:04; ; 14:28:04; [99]/[109] PING PONG
2024-08-28 14:28:06; 2024-08-28; 14:28:06; [111] PING; 
2024-08-28 14:28:06; ; ; ; 14:28:06; [40] keepalive
[100]/[110] PING PONG
2024-08-28 14:28:08; 2024-08-28; 14:28:08; [112] PING; 
2024-08-28 14:28:08; ; 14:28:08; [101]/[111] PING PONG
2024-08-28 14:28:10; 2024-08-28; 14:28:10; [113] PING; 
2024-08-28 14:28:10; ; ; ; 14:28:10; [102]/[112] PING PONG[41] keepalive
2024-08-28 14:28:11; 2024-08-28; 14:28:11; [114] PING; 
2024-08-28 14:28:11; ; 14:28:11; [103]/[113] PING PONG
2024-08-28 14:28:11; 2024-08-28; 14:28:11; [115] PING; 
2024-08-28 14:28:11; ; 14:28:11; [104]/[114] PING PONG
2024-08-28 14:28:12; 2024-08-28; 14:28:12; [116] PING; 
2024-08-28 14:28:12; ; 14:28:12; [105]/[115] PING PONG
2024-08-28 14:28:13; 2024-08-28; 14:28:13; [117] PING; 
2024-08-28 14:28:13; ; 14:28:13; [106]/[116] PING PONG
2024-08-28 14:28:13; 2024-08-28; 14:28:13; [118] PING; 
2024-08-28 14:28:14; ; 14:28:14; [107]/[117] PING PONG
2024-08-28 14:28:16; 2024-08-28; 14:28:16; [119] PING; 
2024-08-28 14:28:16; ; ; ; 14:28:16; [42] keepalive
[108]/[118] PING PONG
2024-08-28 14:28:17; 2024-08-28; 14:28:17; [120] PING; 
2024-08-28 14:28:17; ; 14:28:17; [109]/[119] PING PONG
2024-08-28 14:28:20; 2024-08-28; 14:28:20; [121] PING; 
2024-08-28 14:28:20; ; ; ; 14:28:20; [110]/[120] PING PONG[43] keepalive
2024-08-28 14:28:20; 2024-08-28; 14:28:20; [122] PING; 
2024-08-28 14:28:20; ; 14:28:20; [111]/[121] PING PONG
2024-08-28 14:28:21; 2024-08-28; 14:28:21; [123] PING; 
2024-08-28 14:28:21; ; 14:28:21; [112]/[122] PING PONG
2024-08-28 14:28:23; 2024-08-28; 14:28:23; [124] PING; 
2024-08-28 14:28:23; ; 14:28:23; [113]/[123] PING PONG
2024-08-28 14:28:24; 2024-08-28; 14:28:24; [125] PING; 
2024-08-28 14:28:24; ; ; ; 14:28:24; [44] keepalive
2024-08-28 14:28:25; 2024-08-28; 14:28:25; [126] PING; 
2024-08-28 14:28:25; ; 14:28:25; [114]/[126] PING PONG
2024-08-28 14:28:26; 2024-08-28; 14:28:26; [127] PING; 
2024-08-28 14:28:26; ; 14:28:26; [115]/[127] PING PONG
2024-08-28 14:28:27; 2024-08-28; 14:28:27; [128] PING; 
2024-08-28 14:28:28; ; 14:28:28; [116]/[128] PING PONG
2024-08-28 14:28:29; 2024-08-28; 14:28:29; [129] PING; 
2024-08-28 14:28:29; ; ; ; 14:28:29; [45] keepalive
2024-08-28 14:28:30; 2024-08-28; 14:28:30; [130] PING; 
2024-08-28 14:28:30; ; 14:28:30; [117]/[129] PING PONG
2024-08-28 14:28:33; 2024-08-28; 14:28:33; [131] PING; 
2024-08-28 14:28:33; ; 14:28:33; [118]/[130] PING PONG
2024-08-28 14:28:33; 2024-08-28; 14:28:33; [132] PING; 
2024-08-28 14:28:34; ; 14:28:34; [119]/[131] PING PONG
2024-08-28 14:28:35; 2024-08-28; 14:28:35; [133] PING; 
2024-08-28 14:28:35; ; ; ; 14:28:35; [46] keepalive
[120]/[132] PING PONG
2024-08-28 14:28:35; 2024-08-28; 14:28:35; [134] PING; 
2024-08-28 14:28:36; ; 14:28:36; [121]/[133] PING PONG
2024-08-28 14:28:36; 2024-08-28; 14:28:36; [135] PING; 
2024-08-28 14:28:36; ; 14:28:36; [122]/[134] PING PONG
2024-08-28 14:28:38; 2024-08-28; 14:28:38; [136] PING; 
2024-08-28 14:28:38; ; 14:28:38; [123]/[135] PING PONG
2024-08-28 14:28:40; 2024-08-28; 14:28:40; [137] PING; 
2024-08-28 14:28:40; ; ; ; 14:28:40; [47] keepalive
[124]/[136] PING PONG
2024-08-28 14:28:43; 2024-08-28; 14:28:43; [138] PING; 
2024-08-28 14:28:43; ; 14:28:43; [125]/[137] PING PONG
2024-08-28 14:28:45; 2024-08-28; 14:28:45; [139] PING; 
2024-08-28 14:28:45; ; ; ; 14:28:45; [126]/[138] PING PONG[48] keepalive
2024-08-28 14:28:47; 2024-08-28; 14:28:47; [140] PING; 
2024-08-28 14:28:48; ; 14:28:48; [127]/[140] PING PONG
2024-08-28 14:28:51; 2024-08-28; 14:28:51; [141] PING; 
2024-08-28 14:28:51; ; ; ; 14:28:51; [49] keepalive
2024-08-28 14:28:54; 2024-08-28; 14:28:54; [142] PING; 
2024-08-28 14:28:54; ; 14:28:54; [128]/[141] PING PONG
2024-08-28 14:28:56; 2024-08-28; 14:28:56; [143] PING; 
2024-08-28 14:28:56; ; ; ; 14:28:56; [50] keepalive
2024-08-28 14:28:58; 2024-08-28; 14:28:58; [144] PING; 
2024-08-28 14:28:58; ; 14:28:58; [129]/[143] PING PONG
2024-08-28 14:29:00; 2024-08-28; 14:29:00; [145] PING; 
2024-08-28 14:29:00; ; ; ; 14:29:00; [130]/[144] PING PONG[51] keepalive
2024-08-28 14:29:01; 2024-08-28; 14:29:01; [146] PING; 
2024-08-28 14:29:01; ; 14:29:01; [131]/[146] PING PONG
2024-08-28 14:29:02; 2024-08-28; 14:29:02; [147] PING; 
2024-08-28 14:29:03; ; 14:29:03; [132]/[147] PING PONG
2024-08-28 14:29:04; 2024-08-28; 14:29:04; [148] PING; 
2024-08-28 14:29:04; ; ; ; 14:29:04; [52] keepalive
2024-08-28 14:29:07; 2024-08-28; 14:29:07; [149] PING; 
2024-08-28 14:29:07; ; 14:29:07; [133]/[148] PING PONG
2024-08-28 14:29:07; 2024-08-28; 14:29:07; [150] PING; 
2024-08-28 14:29:07; ; 14:29:07; [134]/[149] PING PONG
2024-08-28 14:29:09; 2024-08-28; 14:29:09; [151] PING; 
2024-08-28 14:29:09; ; 14:29:09; [135]/[150] PING PONG
2024-08-28 14:29:11; 2024-08-28; 14:29:11; [152] PING; 
2024-08-28 14:29:11; ; ; ; 14:29:11; [53] keepalive
[136]/[151] PING PONG
2024-08-28 14:29:13; 2024-08-28; 14:29:13; [153] PING; 
2024-08-28 14:29:13; ; 14:29:13; [137]/[152] PING PONG
2024-08-28 14:29:15; 2024-08-28; 14:29:15; [154] PING; 
2024-08-28 14:29:15; ; ; ; 14:29:15; [138]/[153] PING PONG[54] keepalive
2024-08-28 14:29:17; 2024-08-28; 14:29:17; [155] PING; 
2024-08-28 14:29:17; ; 14:29:17; [139]/[154] PING PONG
2024-08-28 14:29:20; 2024-08-28; 14:29:20; [156] PING; 
2024-08-28 14:29:20; ; ; ; 14:29:20; [140]/[155] PING PONG[55] keepalive
2024-08-28 14:29:22; 2024-08-28; 14:29:22; [157] PING; 
2024-08-28 14:29:22; ; 14:29:22; [141]/[157] PING PONG
2024-08-28 14:29:25; 2024-08-28; 14:29:25; [158] PING; 
2024-08-28 14:29:25; ; ; ; 14:29:25; [56] keepalive
2024-08-28 14:29:26; 2024-08-28; 14:29:26; [159] PING; 
2024-08-28 14:29:26; ; 14:29:26; [142]/[158] PING PONG
2024-08-28 14:29:27; 2024-08-28; 14:29:27; [160] PING; 
2024-08-28 14:29:27; ; 14:29:27; [143]/[159] PING PONG
2024-08-28 14:29:29; 2024-08-28; 14:29:29; [161] PING; 
2024-08-28 14:29:29; ; ; ; 14:29:29; [144]/[160] PING PONG[57] keepalive
2024-08-28 14:29:31; 2024-08-28; 14:29:31; [162] PING; 
2024-08-28 14:29:31; ; 14:29:31; [145]/[161] PING PONG
2024-08-28 14:29:31; 2024-08-28; 14:29:31; [163] PING; 
2024-08-28 14:29:31; ; 14:29:31; [146]/[162] PING PONG
2024-08-28 14:29:33; 2024-08-28; 14:29:33; [164] PING; 
2024-08-28 14:29:33; ; 14:29:33; [147]/[163] PING PONG
2024-08-28 14:29:34; 2024-08-28; 14:29:34; [165] PING; 
2024-08-28 14:29:34; ; ; ; 14:29:34; [148]/[164] PING PONG[58] keepalive
2024-08-28 14:29:36; 2024-08-28; 14:29:36; [166] PING; 
2024-08-28 14:29:36; ; 14:29:36; [149]/[165] PING PONG
2024-08-28 14:29:37; 2024-08-28; 14:29:37; [167] PING; 
2024-08-28 14:29:37; ; 14:29:37; [150]/[166] PING PONG
2024-08-28 14:29:39; 2024-08-28; 14:29:39; [168] PING; 
2024-08-28 14:29:39; ; 14:29:39; [151]/[167] PING PONG
2024-08-28 14:29:40; 2024-08-28; 14:29:40; [169] PING; 
2024-08-28 14:29:40; ; ; ; 14:29:40; [59] keepalive
[152]/[168] PING PONG
2024-08-28 14:31:07; 2024-08-28; 14:31:07; [0] PING; 
2024-08-28 14:31:07; 2024-08-28; 14:31:07; [0] PING; 
2024-08-28 14:31:08; ; 14:31:08; [0]/[0] PING PONG
2024-08-28 14:31:08; ; 14:31:08; [0]/[0] PING PONG
2024-08-28 14:31:08; 2024-08-28; 14:31:08; [1] PING; 
2024-08-28 14:31:09; ; 14:31:09; [1]/[1] PING PONG
2024-08-28 14:31:09; 2024-08-28; 14:31:09; [1] PING; 
2024-08-28 14:31:10; ; 14:31:10; [1]/[1] PING PONG
2024-08-28 14:31:11; 2024-08-28; 14:31:11; [2] PING; 
2024-08-28 14:31:11; ; ; ; 14:31:11; [0] keepalive
2024-08-28 14:31:12; 2024-08-28; 14:31:12; [2] PING; 
2024-08-28 14:31:12; ; ; ; 14:31:12; [0] keepalive
2024-08-28 14:31:14; 2024-08-28; 14:31:14; [3] PING; 
2024-08-28 14:31:14; ; 14:31:14; [2]/[2] PING PONG
2024-08-28 14:31:14; 2024-08-28; 14:31:14; [3] PING; 
2024-08-28 14:31:14; ; 14:31:14; [2]/[2] PING PONG
2024-08-28 14:31:15; 2024-08-28; 14:31:15; [4] PING; 
2024-08-28 14:31:15; ; 14:31:15; [3]/[3] PING PONG
2024-08-28 14:31:16; 2024-08-28; 14:31:16; [5] PING; 
2024-08-28 14:31:16; ; ; ; 14:31:16; [1] keepalive
[4]/[4] PING PONG
2024-08-28 14:31:17; 2024-08-28; 14:31:17; [4] PING; 
2024-08-28 14:31:17; ; ; ; 14:31:17; [1] keepalive
[3]/[3] PING PONG
2024-08-28 14:31:17; 2024-08-28; 14:31:17; [6] PING; 
2024-08-28 14:31:17; ; 14:31:17; [5]/[5] PING PONG
2024-08-28 14:31:19; 2024-08-28; 14:31:19; [5] PING; 
2024-08-28 14:31:19; ; 14:31:19; [4]/[4] PING PONG
2024-08-28 14:31:19; 2024-08-28; 14:31:19; [7] PING; 
2024-08-28 14:31:19; ; 14:31:19; [6]/[6] PING PONG
2024-08-28 14:31:21; 2024-08-28; 14:31:21; [8] PING; 
2024-08-28 14:31:21; ; ; ; 14:31:21; [2] keepalive
[7]/[7] PING PONG
2024-08-28 14:31:22; 2024-08-28; 14:31:22; [6] PING; 
2024-08-28 14:31:22; ; ; ; 14:31:22; [2] keepalive
[5]/[5] PING PONG
2024-08-28 14:31:24; 2024-08-28; 14:31:24; [7] PING; 
2024-08-28 14:31:24; ; 14:31:24; [6]/[6] PING PONG
2024-08-28 14:31:24; 2024-08-28; 14:31:24; [9] PING; 
2024-08-28 14:31:24; ; 14:31:24; [8]/[8] PING PONG
2024-08-28 14:31:26; 2024-08-28; 14:31:26; [8] PING; 
2024-08-28 14:31:26; ; ; ; 14:31:26; [7]/[7] PING PONG[3] keepalive
2024-08-28 14:31:27; 2024-08-28; 14:31:27; [10] PING; 
2024-08-28 14:31:27; ; ; ; 14:31:27; [9]/[9] PING PONG[3] keepalive
2024-08-28 14:31:28; 2024-08-28; 14:31:28; [9] PING; 
2024-08-28 14:31:28; ; 14:31:28; [8]/[8] PING PONG
2024-08-28 14:31:29; 2024-08-28; 14:31:29; [10] PING; 
2024-08-28 14:31:29; ; 14:31:29; [9]/[9] PING PONG
2024-08-28 14:31:30; 2024-08-28; 14:31:30; [11] PING; 
2024-08-28 14:31:30; ; ; ; 14:31:30; [10]/[10] PING PONG[4] keepalive
2024-08-28 14:31:32; 2024-08-28; 14:31:32; [11] PING; 
2024-08-28 14:31:32; ; ; ; 14:31:32; [10]/[10] PING PONG[4] keepalive
2024-08-28 14:31:32; 2024-08-28; 14:31:32; [12] PING; 
2024-08-28 14:31:32; ; 14:31:32; [11]/[11] PING PONG
2024-08-28 14:31:33; 2024-08-28; 14:31:33; [12] PING; 
2024-08-28 14:31:33; ; 14:31:33; [11]/[11] PING PONG
2024-08-28 14:31:34; 2024-08-28; 14:31:34; [13] PING; 
2024-08-28 14:31:34; ; 14:31:34; [12]/[12] PING PONG
2024-08-28 14:31:34; 2024-08-28; 14:31:34; [14] PING; 
2024-08-28 14:31:34; 2024-08-28; 14:31:34; [13] PING; 
2024-08-28 14:31:34; ; 14:31:34; [12]/[12] PING PONG
2024-08-28 14:31:35; ; 14:31:35; [13]/[13] PING PONG
2024-08-28 14:31:35; 2024-08-28; 14:31:35; [14] PING; 
2024-08-28 14:31:35; ; ; ; 14:31:35; [5] keepalive
2024-08-28 14:31:35; 2024-08-28; 14:31:35; [15] PING; 
2024-08-28 14:31:35; ; 14:31:35; [13]/[13] PING PONG
2024-08-28 14:31:36; 2024-08-28; 14:31:36; [16] PING; 
2024-08-28 14:31:36; ; 14:31:36; [14]/[14] PING PONG
2024-08-28 14:31:37; 2024-08-28; 14:31:37; [17] PING; 
2024-08-28 14:31:37; ; 14:31:37; [15]/[15] PING PONG
2024-08-28 14:31:37; 2024-08-28; 14:31:37; [18] PING; 
2024-08-28 14:31:37; ; 14:31:37; [16]/[16] PING[17] PING PONG
2024-08-28 14:31:37; 2024-08-28; 14:31:37; [15] PING; 
2024-08-28 14:31:37; ; ; ; 14:31:37; [5] keepalive
[14]/[14] PING PONG
2024-08-28 14:31:38; 2024-08-28; 14:31:38; [16] PING; 
2024-08-28 14:31:38; ; 14:31:38; [15]/[15] PING PONG
2024-08-28 14:31:39; 2024-08-28; 14:31:39; [19] PING; 
2024-08-28 14:31:39; ; 14:31:39; [17]/[18] PING PONG
2024-08-28 14:31:40; 2024-08-28; 14:31:40; [17] PING; 
2024-08-28 14:31:40; ; ; ; 14:31:40; [16]/[16] PING PONG[6] keepalive
2024-08-28 14:31:41; 2024-08-28; 14:31:41; [20] PING; 
2024-08-28 14:31:41; ; ; ; 14:31:41; [18]/[19] PING PONG[6] keepalive
2024-08-28 14:31:41; 2024-08-28; 14:31:41; [21] PING; 
2024-08-28 14:31:41; ; 14:31:41; [19]/[20] PING PONG
2024-08-28 14:31:42; 2024-08-28; 14:31:42; [22] PING; 
2024-08-28 14:31:42; ; 14:31:42; [20]/[21] PING PONG
2024-08-28 14:31:43; 2024-08-28; 14:31:43; [23] PING; 
2024-08-28 14:31:43; ; 14:31:43; [21]/[22] PING PONG
2024-08-28 14:31:43; 2024-08-28; 14:31:43; [24] PING; 
2024-08-28 14:31:43; ; 14:31:43; [22]/[23] PING PONG
2024-08-28 14:31:43; 2024-08-28; 14:31:43; [18] PING; 
2024-08-28 14:31:44; 2024-08-28; 14:31:44; [25] PING; 
2024-08-28 14:31:44; ; 14:31:44; [23]/[24] PING PONG
2024-08-28 14:31:45; ; ; ; 14:31:45; [7] keepalive
2024-08-28 14:31:46; 2024-08-28; 14:31:46; [19] PING; 
2024-08-28 14:31:46; 2024-08-28; 14:31:46; [26] PING; 
2024-08-28 14:31:46; ; ; ; 14:31:46; [24]/[25] PING PONG[7] keepalive
2024-08-28 14:31:46; ; 14:31:46; [17]/[19] PING PONG
2024-08-28 14:31:47; 2024-08-28; 14:31:47; [27] PING; 
2024-08-28 14:31:47; ; 14:31:47; [25]/[26] PING PONG
2024-08-28 14:31:48; 2024-08-28; 14:31:48; [20] PING; 
2024-08-28 14:31:48; ; 14:31:48; [18]/[20] PING PONG
2024-08-28 14:31:48; 2024-08-28; 14:31:48; [28] PING; 
2024-08-28 14:31:48; ; 14:31:48; [26]/[27] PING PONG
2024-08-28 14:31:49; 2024-08-28; 14:31:49; [21] PING; 
2024-08-28 14:31:49; ; 14:31:49; [19]/[21] PING PONG
2024-08-28 14:31:50; 2024-08-28; 14:31:50; [29] PING; 
2024-08-28 14:31:50; ; ; ; 14:31:50; [27]/[28] PING PONG[8] keepalive
2024-08-28 14:31:51; 2024-08-28; 14:31:51; [30] PING; 
2024-08-28 14:31:51; ; 14:31:51; [28]/[29] PING PONG
2024-08-28 14:31:51; 2024-08-28; 14:31:51; [22] PING; 
2024-08-28 14:31:51; ; ; ; 14:31:51; [8] keepalive
2024-08-28 14:31:53; 2024-08-28; 14:31:53; [31] PING; 
2024-08-28 14:31:53; ; 14:31:53; [29]/[30] PING PONG
2024-08-28 14:31:53; 2024-08-28; 14:31:53; [23] PING; 
2024-08-28 14:31:53; ; 14:31:53; [20]/[22] PING PONG
2024-08-28 14:31:54; 2024-08-28; 14:31:54; [32] PING; 
2024-08-28 14:31:54; ; 14:31:54; [30]/[31] PING PONG
2024-08-28 14:31:54; 2024-08-28; 14:31:54; [33] PING; 
2024-08-28 14:31:55; ; 14:31:55; [31]/[32] PING PONG
2024-08-28 14:31:56; 2024-08-28; 14:31:56; [24] PING; 
2024-08-28 14:31:56; ; ; ; 14:31:56; [9] keepalive
2024-08-28 14:31:56; 2024-08-28; 14:31:56; [25] PING; 
2024-08-28 14:31:57; 2024-08-28; 14:31:57; [34] PING; 
2024-08-28 14:31:57; ; ; ; 14:31:57; [9] keepalive
[32]/[33] PING PONG
2024-08-28 14:31:57; ; 14:31:57; [21]/[25] PING PONG
2024-08-28 14:31:58; 2024-08-28; 14:31:58; [35] PING; 
2024-08-28 14:31:58; ; 14:31:58; [33]/[34] PING PONG
2024-08-28 14:31:58; 2024-08-28; 14:31:58; [26] PING; 
2024-08-28 14:31:58; 2024-08-28; 14:31:58; [36] PING; 
2024-08-28 14:31:58; ; 14:31:58; [34]/[35] PING PONG
2024-08-28 14:31:59; ; 14:31:59; [22]/[26] PING PONG
2024-08-28 14:31:59; 2024-08-28; 14:31:59; [37] PING; 
2024-08-28 14:31:59; ; 14:31:59; [35]/[36] PING PONG
2024-08-28 14:32:00; 2024-08-28; 14:32:00; [27] PING; 
2024-08-28 14:32:00; ; ; ; 14:32:00; [10] keepalive
2024-08-28 14:32:01; 2024-08-28; 14:32:01; [38] PING; 
2024-08-28 14:32:01; ; ; ; 14:32:01; [36]/[37] PING PONG[10] keepalive
2024-08-28 14:32:02; 2024-08-28; 14:32:02; [28] PING; 
2024-08-28 14:32:02; ; 14:32:02; [23]/[28] PING PONG
2024-08-28 14:32:03; 2024-08-28; 14:32:03; [39] PING; 
2024-08-28 14:32:03; ; 14:32:03; [37]/[38] PING PONG
2024-08-28 14:32:04; 2024-08-28; 14:32:04; [29] PING; 
2024-08-28 14:32:05; 2024-08-28; 14:32:05; [40] PING; 
2024-08-28 14:32:05; ; 14:32:05; [38]/[39] PING PONG
2024-08-28 14:32:05; ; 14:32:05; [24]/[29] PING PONG
2024-08-28 14:32:07; 2024-08-28; 14:32:07; [41] PING; 
2024-08-28 14:32:07; ; ; ; 14:32:07; [11] keepalive
[39]/[40] PING PONG
2024-08-28 14:32:08; 2024-08-28; 14:32:08; [30] PING; 
2024-08-28 14:32:08; ; ; ; 14:32:08; [11] keepalive
2024-08-28 14:32:09; 2024-08-28; 14:32:09; [42] PING; 
2024-08-28 14:32:09; ; 14:32:09; [40]/[41] PING PONG
2024-08-28 14:32:10; 2024-08-28; 14:32:10; [43] PING; 
2024-08-28 14:32:10; ; ; ; 14:32:10; [41]/[42] PING PONG[12] keepalive
2024-08-28 14:32:11; 2024-08-28; 14:32:11; [31] PING; 
2024-08-28 14:32:11; ; ; ; 14:32:11; [25]/[30] PING PONG[12] keepalive
2024-08-28 14:32:11; 2024-08-28; 14:32:11; [44] PING; 
2024-08-28 14:32:11; ; 14:32:11; [42]/[43] PING PONG
2024-08-28 14:32:12; 2024-08-28; 14:32:12; [45] PING; 
2024-08-28 14:32:12; ; 14:32:12; [43]/[44] PING PONG
2024-08-28 14:32:12; 2024-08-28; 14:32:12; [32] PING; 
2024-08-28 14:32:12; ; 14:32:12; [26]/[31] PING PONG
2024-08-28 14:32:13; 2024-08-28; 14:32:13; [33] PING; 
2024-08-28 14:32:14; ; 14:32:14; [27]/[33] PING PONG
2024-08-28 14:32:14; 2024-08-28; 14:32:14; [46] PING; 
2024-08-28 14:32:14; ; 14:32:14; [44]/[45] PING PONG
2024-08-28 14:32:15; 2024-08-28; 14:32:15; [47] PING; 
2024-08-28 14:32:15; ; 14:32:15; [45]/[46] PING PONG
2024-08-28 14:32:15; 2024-08-28; 14:32:15; [34] PING; 
2024-08-28 14:32:15; ; ; ; 14:32:15; [13] keepalive
2024-08-28 14:32:16; 2024-08-28; 14:32:16; [48] PING; 
2024-08-28 14:32:16; ; ; ; 14:32:16; [13] keepalive
[46]/[47] PING PONG
2024-08-28 14:32:16; 2024-08-28; 14:32:16; [35] PING; 
2024-08-28 14:32:16; ; 14:32:16; [28]/[34] PING PONG
2024-08-28 14:32:18; 2024-08-28; 14:32:18; [49] PING; 
2024-08-28 14:32:18; ; 14:32:18; [47]/[48] PING PONG
2024-08-28 14:32:18; 2024-08-28; 14:32:18; [36] PING; 
2024-08-28 14:32:18; ; 14:32:18; [29]/[35] PING PONG
2024-08-28 14:32:20; 2024-08-28; 14:32:20; [50] PING; 
2024-08-28 14:32:20; ; ; ; 14:32:20; [48]/[49] PING PONG[14] keepalive
2024-08-28 14:32:21; 2024-08-28; 14:32:21; [37] PING; 
2024-08-28 14:32:21; ; ; ; 14:32:21; [30]/[36] PING PONG[14] keepalive
2024-08-28 14:32:22; 2024-08-28; 14:32:22; [51] PING; 
2024-08-28 14:32:22; ; 14:32:22; [49]/[50] PING PONG
2024-08-28 14:32:24; 2024-08-28; 14:32:24; [38] PING; 
2024-08-28 14:32:24; ; 14:32:24; [31]/[37] PING PONG
2024-08-28 14:32:25; 2024-08-28; 14:32:25; [52] PING; 
2024-08-28 14:32:25; ; 14:32:25; [50]/[51] PING PONG
2024-08-28 14:32:26; 2024-08-28; 14:32:26; [39] PING; 
2024-08-28 14:32:26; ; ; ; 14:32:26; [32]/[38] PING PONG[15] keepalive
2024-08-28 14:32:27; 2024-08-28; 14:32:27; [53] PING; 
2024-08-28 14:32:27; ; ; ; 14:32:27; [15] keepalive
[51]/[52] PING PONG
2024-08-28 14:32:28; 2024-08-28; 14:32:28; [40] PING; 
2024-08-28 14:32:28; ; 14:32:28; [33]/[39] PING PONG
2024-08-28 14:32:29; 2024-08-28; 14:32:29; [54] PING; 
2024-08-28 14:32:29; ; 14:32:29; [52]/[53] PING PONG
2024-08-28 14:32:29; 2024-08-28; 14:32:29; [41] PING; 
2024-08-28 14:32:29; ; 14:32:29; [34]/[40] PING PONG
2024-08-28 14:32:29; 2024-08-28; 14:32:29; [55] PING; 
2024-08-28 14:32:29; ; 14:32:29; [53]/[54] PING PONG
2024-08-28 14:32:30; 2024-08-28; 14:32:30; [56] PING; 
2024-08-28 14:32:30; ; ; ; 14:32:30; [16] keepalive
[54]/[55] PING PONG
2024-08-28 14:32:31; 2024-08-28; 14:32:31; [57] PING; 
2024-08-28 14:32:31; ; 14:32:31; [55]/[56] PING PONG
2024-08-28 14:32:31; 2024-08-28; 14:32:31; [42] PING; 
2024-08-28 14:32:31; ; ; ; 14:32:31; [16] keepalive
[35]/[41] PING PONG
2024-08-28 14:32:32; 2024-08-28; 14:32:32; [58] PING; 
2024-08-28 14:32:32; ; 14:32:32; [56]/[57] PING PONG
2024-08-28 14:32:33; 2024-08-28; 14:32:33; [59] PING; 
2024-08-28 14:32:33; ; 14:32:33; [57]/[58] PING PONG
2024-08-28 14:32:34; 2024-08-28; 14:32:34; [43] PING; 
2024-08-28 14:32:34; ; 14:32:34; [36]/[42] PING PONG
2024-08-28 14:32:35; 2024-08-28; 14:32:35; [60] PING; 
2024-08-28 14:32:35; ; 14:32:35; [58]/[59] PING PONG
2024-08-28 14:32:35; 2024-08-28; 14:32:35; [61] PING; 
2024-08-28 14:32:35; ; ; ; 14:32:35; [17] keepalive
2024-08-28 14:32:36; 2024-08-28; 14:32:36; [44] PING; 
2024-08-28 14:32:36; ; ; ; 14:32:36; [37]/[43] PING PONG[17] keepalive
2024-08-28 14:32:37; 2024-08-28; 14:32:37; [62] PING; 
2024-08-28 14:32:37; ; 14:32:37; [59]/[60] PING PONG
2024-08-28 14:32:38; 2024-08-28; 14:32:38; [45] PING; 
2024-08-28 14:32:38; ; 14:32:38; [38]/[44] PING PONG
2024-08-28 14:32:39; 2024-08-28; 14:32:39; [63] PING; 
2024-08-28 14:32:39; ; 14:32:39; [60]/[62] PING PONG
2024-08-28 14:32:40; 2024-08-28; 14:32:40; [46] PING; 
2024-08-28 14:32:40; ; ; ; 14:32:40; [39]/[45] PING PONG[18] keepalive
2024-08-28 14:32:41; 2024-08-28; 14:32:41; [64] PING; 
2024-08-28 14:32:41; ; ; ; 14:32:41; [18] keepalive
[61]/[63] PING PONG
2024-08-28 14:32:42; 2024-08-28; 14:32:42; [65] PING; 
2024-08-28 14:32:42; ; 14:32:42; [62]/[64] PING PONG
2024-08-28 14:32:43; 2024-08-28; 14:32:43; [47] PING; 
2024-08-28 14:32:43; ; 14:32:43; [40]/[46] PING PONG
2024-08-28 14:32:45; 2024-08-28; 14:32:45; [48] PING; 
2024-08-28 14:32:45; ; 14:32:45; [41]/[47] PING PONG
2024-08-28 14:32:45; 2024-08-28; 14:32:45; [66] PING; 
2024-08-28 14:32:45; ; ; ; 14:32:45; [63]/[65] PING PONG[19] keepalive
2024-08-28 14:32:46; 2024-08-28; 14:32:46; [49] PING; 
2024-08-28 14:32:46; ; ; ; 14:32:46; [19] keepalive
[42]/[48] PING PONG
2024-08-28 14:32:48; 2024-08-28; 14:32:48; [50] PING; 
2024-08-28 14:32:48; ; 14:32:48; [43]/[49] PING PONG
2024-08-28 14:32:48; 2024-08-28; 14:32:48; [67] PING; 
2024-08-28 14:32:48; ; 14:32:48; [64]/[66] PING PONG
2024-08-28 14:32:50; 2024-08-28; 14:32:50; [68] PING; 
2024-08-28 14:32:50; ; 14:32:50; [65]/[67] PING PONG
2024-08-28 14:32:50; 2024-08-28; 14:32:50; [51] PING; 
2024-08-28 14:32:50; ; ; ; 14:32:50; [44]/[50] PING PONG[20] keepalive
2024-08-28 14:32:51; 2024-08-28; 14:32:51; [69] PING; 
2024-08-28 14:32:51; ; ; ; 14:32:51; [20] keepalive
2024-08-28 14:32:51; 2024-08-28; 14:32:51; [52] PING; 
2024-08-28 14:32:51; ; 14:32:51; [45]/[51] PING PONG
2024-08-28 14:32:52; 2024-08-28; 14:32:52; [53] PING; 
2024-08-28 14:32:52; ; 14:32:52; [46]/[52] PING PONG
2024-08-28 14:32:52; 2024-08-28; 14:32:52; [70] PING; 
2024-08-28 14:32:52; ; 14:32:52; [66]/[69] PING PONG
2024-08-28 14:32:53; 2024-08-28; 14:32:53; [71] PING; 
2024-08-28 14:32:53; ; 14:32:53; [67]/[70] PING PONG
2024-08-28 14:32:53; 2024-08-28; 14:32:53; [54] PING; 
2024-08-28 14:32:53; ; 14:32:53; [47]/[53] PING PONG
2024-08-28 14:32:55; 2024-08-28; 14:32:55; [55] PING; 
2024-08-28 14:32:55; ; 14:32:55; [48]/[54] PING PONG
2024-08-28 14:32:55; 2024-08-28; 14:32:55; [72] PING; 
2024-08-28 14:32:55; ; ; ; 14:32:55; [68]/[71] PING PONG[21] keepalive
2024-08-28 14:32:56; 2024-08-28; 14:32:56; [73] PING; 
2024-08-28 14:32:56; ; 14:32:56; [69]/[73] PING PONG
2024-08-28 14:32:57; 2024-08-28; 14:32:57; [56] PING; 
2024-08-28 14:32:57; ; ; ; 14:32:57; [21] keepalive
[49]/[55] PING PONG
2024-08-28 14:32:58; 2024-08-28; 14:32:58; [74] PING; 
2024-08-28 14:32:59; ; 14:32:59; [70]/[74] PING PONG
2024-08-28 14:33:00; 2024-08-28; 14:33:00; [57] PING; 
2024-08-28 14:33:00; ; 14:33:00; [50]/[56] PING PONG
2024-08-28 14:33:01; 2024-08-28; 14:33:01; [75] PING; 
2024-08-28 14:33:01; ; ; ; 14:33:01; [22] keepalive
2024-08-28 14:33:01; 2024-08-28; 14:33:01; [58] PING; 
2024-08-28 14:33:01; ; ; ; 14:33:01; [22] keepalive
[51]/[57] PING PONG
2024-08-28 14:33:03; 2024-08-28; 14:33:03; [59] PING; 
2024-08-28 14:33:03; ; 14:33:03; [52]/[58] PING PONG
2024-08-28 14:33:03; 2024-08-28; 14:33:03; [76] PING; 
2024-08-28 14:33:03; ; 14:33:03; [71]/[75] PING PONG
2024-08-28 14:33:03; 2024-08-28; 14:33:03; [77] PING; 
2024-08-28 14:33:03; ; 14:33:03; [72]/[76] PING PONG
2024-08-28 14:33:04; 2024-08-28; 14:33:04; [78] PING; 
2024-08-28 14:33:04; ; 14:33:04; [73]/[77] PING PONG
2024-08-28 14:33:05; 2024-08-28; 14:33:05; [60] PING; 
2024-08-28 14:33:05; ; ; ; 14:33:05; [53]/[59] PING PONG[23] keepalive
2024-08-28 14:33:06; 2024-08-28; 14:33:06; [79] PING; 
2024-08-28 14:33:06; ; ; ; 14:33:06; [74]/[78] PING PONG[23] keepalive
2024-08-28 14:33:07; 2024-08-28; 14:33:07; [61] PING; 
2024-08-28 14:33:07; ; 14:33:07; [54]/[60] PING PONG
2024-08-28 14:33:07; 2024-08-28; 14:33:07; [80] PING; 
2024-08-28 14:33:08; ; 14:33:08; [75]/[80] PING PONG
2024-08-28 14:33:08; 2024-08-28; 14:33:08; [81] PING; 
2024-08-28 14:33:08; 2024-08-28; 14:33:08; [62] PING; 
2024-08-28 14:33:08; ; 14:33:08; [55]/[61] PING PONG
2024-08-28 14:33:09; ; 14:33:09; [76]/[81] PING PONG
2024-08-28 14:33:10; 2024-08-28; 14:33:10; [63] PING; 
2024-08-28 14:33:10; ; ; ; 14:33:10; [24] keepalive
2024-08-28 14:33:11; 2024-08-28; 14:33:11; [82] PING; 
2024-08-28 14:33:11; ; ; ; 14:33:11; [24] keepalive
2024-08-28 14:33:11; 2024-08-28; 14:33:11; [64] PING; 
2024-08-28 14:33:12; ; 14:33:12; [56]/[64] PING PONG
2024-08-28 14:33:13; 2024-08-28; 14:33:13; [83] PING; 
2024-08-28 14:33:13; ; 14:33:13; [77]/[82] PING PONG
2024-08-28 14:33:14; 2024-08-28; 14:33:14; [65] PING; 
2024-08-28 14:33:15; ; 14:33:15; [57]/[65] PING PONG
2024-08-28 14:33:16; 2024-08-28; 14:33:16; [84] PING; 
2024-08-28 14:33:16; ; ; ; 14:33:16; [78]/[83] PING PONG[25] keepalive
2024-08-28 14:33:17; 2024-08-28; 14:33:17; [66] PING; 
2024-08-28 14:33:17; ; ; ; 14:33:17; [25] keepalive
2024-08-28 14:33:18; 2024-08-28; 14:33:18; [85] PING; 
2024-08-28 14:33:18; ; 14:33:18; [79]/[84] PING PONG
2024-08-28 14:33:19; 2024-08-28; 14:33:19; [67] PING; 
2024-08-28 14:33:20; ; 14:33:20; [58]/[67] PING PONG
2024-08-28 14:33:20; 2024-08-28; 14:33:20; [86] PING; 
2024-08-28 14:33:20; ; ; ; 14:33:20; [80]/[85] PING PONG[26] keepalive
2024-08-28 14:33:21; 2024-08-28; 14:33:21; [87] PING; 
2024-08-28 14:33:21; ; 14:33:21; [81]/[86] PING PONG
2024-08-28 14:33:22; 2024-08-28; 14:33:22; [88] PING; 
2024-08-28 14:33:22; ; 14:33:22; [82]/[87] PING PONG
2024-08-28 14:33:23; 2024-08-28; 14:33:23; [68] PING; 
2024-08-28 14:33:23; ; ; ; 14:33:23; [26] keepalive
2024-08-28 14:33:23; 2024-08-28; 14:33:23; [89] PING; 
2024-08-28 14:33:23; ; 14:33:23; [83]/[88] PING PONG
2024-08-28 14:33:24; 2024-08-28; 14:33:24; [69] PING; 
2024-08-28 14:33:24; ; 14:33:24; [59]/[68] PING PONG
2024-08-28 14:33:25; 2024-08-28; 14:33:25; [70] PING; 
2024-08-28 14:33:25; ; 14:33:25; [60]/[69] PING PONG
2024-08-28 14:33:25; 2024-08-28; 14:33:25; [90] PING; 
2024-08-28 14:33:25; ; 14:33:25; [84]/[89] PING PONG
2024-08-28 14:33:26; 2024-08-28; 14:33:26; [91] PING; 
2024-08-28 14:33:26; ; ; ; 14:33:26; [27] keepalive
[85]/[90] PING PONG
2024-08-28 14:33:26; 2024-08-28; 14:33:26; [92] PING; 
2024-08-28 14:33:26; ; 14:33:26; [86]/[91] PING PONG
2024-08-28 14:33:27; 2024-08-28; 14:33:27; [71] PING; 
2024-08-28 14:33:27; ; ; ; 14:33:27; [27] keepalive
[61]/[70] PING PONG
2024-08-28 14:33:28; 2024-08-28; 14:33:28; [72] PING; 
2024-08-28 14:33:28; 2024-08-28; 14:33:28; [93] PING; 
2024-08-28 14:33:28; ; 14:33:28; [87]/[92] PING PONG
2024-08-28 14:33:28; ; 14:33:28; [62]/[71] PING PONG
2024-08-28 14:33:29; 2024-08-28; 14:33:29; [73] PING; 
2024-08-28 14:33:29; ; 14:33:29; [63]/[72] PING PONG
2024-08-28 14:33:30; 2024-08-28; 14:33:30; [94] PING; 
2024-08-28 14:33:30; ; ; ; 14:33:30; [88]/[93] PING PONG[28] keepalive
2024-08-28 14:33:31; 2024-08-28; 14:33:31; [74] PING; 
2024-08-28 14:33:31; ; ; ; 14:33:31; [64]/[73] PING PONG[28] keepalive
2024-08-28 14:33:32; 2024-08-28; 14:33:32; [75] PING; 
2024-08-28 14:33:32; ; 14:33:32; [65]/[74] PING PONG
2024-08-28 14:33:33; 2024-08-28; 14:33:33; [95] PING; 
2024-08-28 14:33:33; ; 14:33:33; [89]/[94] PING PONG
2024-08-28 14:33:34; 2024-08-28; 14:33:34; [96] PING; 
2024-08-28 14:33:34; ; 14:33:34; [90]/[95] PING PONG
2024-08-28 14:33:34; 2024-08-28; 14:33:34; [76] PING; 
2024-08-28 14:33:34; ; 14:33:34; [66]/[75] PING PONG
2024-08-28 14:33:36; 2024-08-28; 14:33:36; [77] PING; 
2024-08-28 14:33:36; ; ; ; 14:33:36; [29] keepalive
2024-08-28 14:33:37; 2024-08-28; 14:33:37; [97] PING; 
2024-08-28 14:33:37; ; ; ; 14:33:37; [91]/[96] PING PONG[29] keepalive
2024-08-28 14:33:37; 2024-08-28; 14:33:37; [78] PING; 
2024-08-28 14:33:38; ; 14:33:38; [67]/[78] PING PONG
2024-08-28 14:33:40; 2024-08-28; 14:33:40; [98] PING; 
2024-08-28 14:33:40; ; 14:33:40; [92]/[97] PING PONG
2024-08-28 14:33:41; 2024-08-28; 14:33:41; [79] PING; 
2024-08-28 14:33:41; ; ; ; 14:33:41; [30] keepalive
2024-08-28 14:33:42; 2024-08-28; 14:33:42; [80] PING; 
2024-08-28 14:33:42; ; 14:33:42; [68]/[79] PING PONG
2024-08-28 14:33:43; 2024-08-28; 14:33:43; [99] PING; 
2024-08-28 14:33:43; ; ; ; 14:33:43; [30] keepalive
[93]/[98] PING PONG
2024-08-28 14:33:43; 2024-08-28; 14:33:43; [81] PING; 
2024-08-28 14:33:43; ; 14:33:43; [69]/[80] PING PONG
2024-08-28 14:33:44; 2024-08-28; 14:33:44; [82] PING; 
2024-08-28 14:33:44; ; 14:33:44; [70]/[82] PING PONG
2024-08-28 14:33:45; 2024-08-28; 14:33:45; [100] PING; 
2024-08-28 14:33:45; ; ; ; 14:33:45; [94]/[99] PING PONG[31] keepalive
2024-08-28 14:33:47; 2024-08-28; 14:33:47; [83] PING; 
2024-08-28 14:33:47; ; ; ; 14:33:47; [31] keepalive
2024-08-28 14:33:48; 2024-08-28; 14:33:48; [101] PING; 
2024-08-28 14:33:48; ; 14:33:48; [95]/[100] PING PONG
2024-08-28 14:33:49; 2024-08-28; 14:33:49; [102] PING; 
2024-08-28 14:33:49; ; 14:33:49; [96]/[101] PING PONG
2024-08-28 14:33:49; 2024-08-28; 14:33:49; [84] PING; 
2024-08-28 14:33:49; ; 14:33:49; [71]/[83] PING PONG
2024-08-28 14:33:49; 2024-08-28; 14:33:49; [85] PING; 
2024-08-28 14:33:50; ; 14:33:50; [72]/[84] PING PONG
2024-08-28 14:33:51; 2024-08-28; 14:33:51; [86] PING; 
2024-08-28 14:33:51; ; ; ; 14:33:51; [32] keepalive
2024-08-28 14:33:52; 2024-08-28; 14:33:52; [103] PING; 
2024-08-28 14:33:52; ; ; ; 14:33:52; [97]/[102] PING PONG[32] keepalive
2024-08-28 14:33:52; 2024-08-28; 14:33:52; [87] PING; 
2024-08-28 14:33:52; ; 14:33:52; [73]/[86] PING PONG
2024-08-28 14:33:53; 2024-08-28; 14:33:53; [88] PING; 
2024-08-28 14:33:53; ; 14:33:53; [74]/[87] PING PONG
2024-08-28 14:33:53; 2024-08-28; 14:33:53; [104] PING; 
2024-08-28 14:33:53; ; 14:33:53; [98]/[103] PING PONG
2024-08-28 14:33:54; 2024-08-28; 14:33:54; [89] PING; 
2024-08-28 14:33:54; ; 14:33:54; [75]/[88] PING PONG
2024-08-28 14:33:54; 2024-08-28; 14:33:54; [105] PING; 
2024-08-28 14:33:54; ; 14:33:54; [99]/[104] PING PONG
2024-08-28 14:33:55; 2024-08-28; 14:33:55; [106] PING; 
2024-08-28 14:33:55; 2024-08-28; 14:33:55; [90] PING; 
2024-08-28 14:33:55; ; 14:33:55; [76]/[89] PING PONG
2024-08-28 14:33:55; ; ; ; 14:33:55; [33] keepalive
2024-08-28 14:33:57; 2024-08-28; 14:33:57; [107] PING; 
2024-08-28 14:33:57; ; 14:33:57; [100]/[105] PING PONG
2024-08-28 14:33:58; 2024-08-28; 14:33:58; [91] PING; 
2024-08-28 14:33:58; ; ; ; 14:33:58; [33] keepalive
[77]/[90] PING PONG
2024-08-28 14:33:58; 2024-08-28; 14:33:58; [108] PING; 
2024-08-28 14:33:58; ; 14:33:58; [101]/[107] PING PONG
2024-08-28 14:33:59; 2024-08-28; 14:33:59; [109] PING; 
2024-08-28 14:33:59; ; 14:33:59; [102]/[108] PING PONG
2024-08-28 14:33:59; 2024-08-28; 14:33:59; [92] PING; 
2024-08-28 14:34:00; ; 14:34:00; [78]/[92] PING PONG
2024-08-28 14:34:01; 2024-08-28; 14:34:01; [93] PING; 
2024-08-28 14:34:01; ; ; ; 14:34:01; [34] keepalive
2024-08-28 14:34:02; 2024-08-28; 14:34:02; [110] PING; 
2024-08-28 14:34:02; ; ; ; 14:34:02; [103]/[109] PING PONG[34] keepalive
2024-08-28 14:34:02; 2024-08-28; 14:34:02; [111] PING; 
2024-08-28 14:34:02; ; 14:34:02; [104]/[110] PING PONG
2024-08-28 14:34:03; 2024-08-28; 14:34:03; [94] PING; 
2024-08-28 14:34:03; ; 14:34:03; [79]/[93] PING PONG
2024-08-28 14:34:04; 2024-08-28; 14:34:04; [112] PING; 
2024-08-28 14:34:04; ; 14:34:04; [105]/[111] PING PONG
2024-08-28 14:34:05; 2024-08-28; 14:34:05; [95] PING; 
2024-08-28 14:34:05; ; 14:34:05; [80]/[94] PING PONG
2024-08-28 14:34:06; 2024-08-28; 14:34:06; [113] PING; 
2024-08-28 14:34:06; ; ; ; 14:34:06; [35] keepalive
2024-08-28 14:34:06; 2024-08-28; 14:34:06; [96] PING; 
2024-08-28 14:34:06; ; ; ; 14:34:06; [35] keepalive
[81]/[95] PING PONG
2024-08-28 14:34:07; 2024-08-28; 14:34:07; [114] PING; 
2024-08-28 14:34:07; ; 14:34:07; [106]/[113] PING PONG
2024-08-28 14:34:08; 2024-08-28; 14:34:08; [97] PING; 
2024-08-28 14:34:08; ; 14:34:08; [82]/[96] PING PONG
2024-08-28 14:34:09; 2024-08-28; 14:34:09; [115] PING; 
2024-08-28 14:34:09; ; 14:34:09; [107]/[114] PING PONG
2024-08-28 14:34:10; 2024-08-28; 14:34:10; [116] PING; 
2024-08-28 14:34:10; ; ; ; 14:34:10; [36] keepalive
2024-08-28 14:34:11; 2024-08-28; 14:34:11; [98] PING; 
2024-08-28 14:34:11; ; ; ; 14:34:11; [83]/[97] PING PONG[36] keepalive
2024-08-28 14:34:12; 2024-08-28; 14:34:12; [99] PING; 
2024-08-28 14:34:12; ; 14:34:12; [84]/[98] PING PONG
2024-08-28 14:34:13; 2024-08-28; 14:34:13; [117] PING; 
2024-08-28 14:34:13; ; 14:34:13; [108]/[116] PING PONG
2024-08-28 14:34:14; 2024-08-28; 14:34:14; [100] PING; 
2024-08-28 14:34:14; ; 14:34:14; [85]/[99] PING PONG
2024-08-28 14:34:15; 2024-08-28; 14:34:15; [101] PING; 
2024-08-28 14:34:15; ; ; ; 14:34:15; [37] keepalive
2024-08-28 14:34:15; 2024-08-28; 14:34:15; [118] PING; 
2024-08-28 14:34:15; ; ; ; 14:34:15; [109]/[117] PING PONG[37] keepalive
2024-08-28 14:34:17; 2024-08-28; 14:34:17; [119] PING; 
2024-08-28 14:34:17; ; 14:34:17; [110]/[118] PING PONG
2024-08-28 14:34:18; 2024-08-28; 14:34:18; [102] PING; 
2024-08-28 14:34:18; ; 14:34:18; [86]/[100] PING PONG[87]/[101] PING PONG
2024-08-28 14:34:19; 2024-08-28; 14:34:19; [120] PING; 
2024-08-28 14:34:19; ; 14:34:19; [111]/[119] PING PONG
2024-08-28 14:34:19; 2024-08-28; 14:34:19; [121] PING; 
2024-08-28 14:34:19; ; 14:34:19; [112]/[120] PING PONG
2024-08-28 14:34:20; 2024-08-28; 14:34:20; [103] PING; 
2024-08-28 14:34:20; ; 14:34:20; [88]/[102] PING PONG
2024-08-28 14:34:21; 2024-08-28; 14:34:21; [122] PING; 
2024-08-28 14:34:21; ; ; ; 14:34:21; [113]/[121] PING PONG[38] keepalive
2024-08-28 14:34:22; 2024-08-28; 14:34:22; [123] PING; 
2024-08-28 14:34:22; ; 14:34:22; [114]/[122] PING PONG
2024-08-28 14:34:22; 2024-08-28; 14:34:22; [104] PING; 
2024-08-28 14:34:22; ; ; ; 14:34:22; [38] keepalive
2024-08-28 14:34:23; 2024-08-28; 14:34:23; [124] PING; 
2024-08-28 14:34:23; ; 14:34:23; [115]/[123] PING PONG
2024-08-28 14:34:25; 2024-08-28; 14:34:25; [105] PING; 
2024-08-28 14:34:25; ; ; ; 14:34:25; [89]/[104] PING PONG[39] keepalive
2024-08-28 14:34:25; 2024-08-28; 14:34:25; [125] PING; 
2024-08-28 14:34:25; ; ; ; 14:34:25; [116]/[124] PING PONG[39] keepalive
2024-08-28 14:34:26; 2024-08-28; 14:34:26; [126] PING; 
2024-08-28 14:34:26; ; 14:34:26; [117]/[125] PING PONG
2024-08-28 14:34:28; 2024-08-28; 14:34:28; [127] PING; 
2024-08-28 14:34:28; ; 14:34:28; [118]/[127] PING PONG
2024-08-28 14:34:28; 2024-08-28; 14:34:28; [106] PING; 
2024-08-28 14:34:28; ; 14:34:28; [90]/[105] PING PONG
2024-08-28 14:34:28; 2024-08-28; 14:34:28; [128] PING; 
2024-08-28 14:34:29; ; 14:34:29; [119]/[128] PING PONG
2024-08-28 14:34:29; 2024-08-28; 14:34:29; [107] PING; 
2024-08-28 14:34:29; ; 14:34:29; [91]/[106] PING PONG
2024-08-28 14:34:30; 2024-08-28; 14:34:30; [108] PING; 
2024-08-28 14:34:30; ; 14:34:30; [92]/[107] PING PONG
2024-08-28 14:34:30; 2024-08-28; 14:34:30; [129] PING; 
2024-08-28 14:34:30; ; ; ; 14:34:30; [40] keepalive
2024-08-28 14:34:32; 2024-08-28; 14:34:32; [109] PING; 
2024-08-28 14:34:32; ; ; ; 14:34:32; [40] keepalive
[93]/[108] PING PONG
2024-08-28 14:34:32; 2024-08-28; 14:34:32; [130] PING; 
2024-08-28 14:34:32; ; 14:34:32; [120]/[129] PING PONG
2024-08-28 14:34:34; 2024-08-28; 14:34:34; [131] PING; 
2024-08-28 14:34:34; ; 14:34:34; [121]/[130] PING PONG
2024-08-28 14:34:34; 2024-08-28; 14:34:34; [132] PING; 
2024-08-28 14:34:34; ; 14:34:34; [122]/[131] PING PONG
2024-08-28 14:34:35; 2024-08-28; 14:34:35; [110] PING; 
2024-08-28 14:34:35; ; 14:34:35; [94]/[110] PING PONG
2024-08-28 14:34:36; 2024-08-28; 14:34:36; [111] PING; 
2024-08-28 14:34:36; ; ; ; 14:34:36; [41] keepalive
2024-08-28 14:34:36; 2024-08-28; 14:34:36; [133] PING; 
2024-08-28 14:34:36; ; ; ; 14:34:36; [123]/[132] PING PONG[41] keepalive
2024-08-28 14:34:37; 2024-08-28; 14:34:37; [112] PING; 
2024-08-28 14:34:37; ; 14:34:37; [95]/[111] PING PONG
2024-08-28 14:34:38; 2024-08-28; 14:34:38; [134] PING; 
2024-08-28 14:34:38; ; 14:34:38; [124]/[133] PING PONG
2024-08-28 14:34:40; 2024-08-28; 14:34:40; [135] PING; 
2024-08-28 14:34:40; ; 14:34:40; [125]/[134] PING PONG
2024-08-28 14:34:40; 2024-08-28; 14:34:40; [113] PING; 
2024-08-28 14:34:40; ; ; ; 14:34:40; [96]/[112] PING PONG[42] keepalive
2024-08-28 14:34:41; 2024-08-28; 14:34:41; [136] PING; 
2024-08-28 14:34:41; ; ; ; 14:34:41; [42] keepalive
[126]/[135] PING PONG
2024-08-28 14:34:42; 2024-08-28; 14:34:42; [114] PING; 
2024-08-28 14:34:42; ; 14:34:42; [97]/[113] PING PONG
2024-08-28 14:34:44; 2024-08-28; 14:34:44; [137] PING; 
2024-08-28 14:34:44; ; 14:34:44; [127]/[136] PING PONG
2024-08-28 14:34:45; 2024-08-28; 14:34:45; [115] PING; 
2024-08-28 14:34:45; ; 14:34:45; [98]/[114] PING PONG
2024-08-28 14:34:46; 2024-08-28; 14:34:46; [138] PING; 
2024-08-28 14:34:46; ; ; ; 14:34:46; [43] keepalive
2024-08-28 14:34:46; 2024-08-28; 14:34:46; [139] PING; 
2024-08-28 14:34:46; ; 14:34:46; [128]/[138] PING PONG
2024-08-28 14:34:46; 2024-08-28; 14:34:46; [116] PING; 
2024-08-28 14:34:46; ; ; ; 14:34:46; [43] keepalive
[99]/[115] PING PONG
2024-08-28 14:34:47; 2024-08-28; 14:34:47; [140] PING; 
2024-08-28 14:34:47; ; 14:34:47; [129]/[139] PING PONG
2024-08-28 14:34:48; 2024-08-28; 14:34:48; [141] PING; 
2024-08-28 14:34:48; ; 14:34:48; [130]/[140] PING PONG
2024-08-28 14:34:48; 2024-08-28; 14:34:48; [117] PING; 
2024-08-28 14:34:48; ; 14:34:48; [100]/[116] PING PONG
2024-08-28 14:34:49; 2024-08-28; 14:34:49; [142] PING; 
2024-08-28 14:34:49; ; 14:34:49; [131]/[141] PING PONG
2024-08-28 14:34:49; 2024-08-28; 14:34:49; [118] PING; 
2024-08-28 14:34:49; ; 14:34:49; [101]/[117] PING PONG
2024-08-28 14:34:49; 2024-08-28; 14:34:49; [143] PING; 
2024-08-28 14:34:50; 2024-08-28; 14:34:50; [119] PING; 
2024-08-28 14:34:50; ; 14:34:50; [102]/[118] PING PONG
2024-08-28 14:34:50; ; 14:34:50; [132]/[143] PING PONG
2024-08-28 14:34:50; 2024-08-28; 14:34:50; [120] PING; 
2024-08-28 14:34:50; ; ; ; 14:34:50; [44] keepalive
2024-08-28 14:34:51; 2024-08-28; 14:34:51; [144] PING; 
2024-08-28 14:34:51; ; ; ; 14:34:51; [44] keepalive
2024-08-28 14:34:53; 2024-08-28; 14:34:53; [121] PING; 
2024-08-28 14:34:53; ; 14:34:53; [103]/[119] PING PONG[104]/[120] PING PONG
2024-08-28 14:34:53; 2024-08-28; 14:34:53; [145] PING; 
2024-08-28 14:34:55; ; ; ; 14:34:55; [45] keepalive
2024-08-28 14:34:56; 2024-08-28; 14:34:56; [122] PING; 
2024-08-28 14:34:56; ; ; ; 14:34:56; [105]/[121] PING PONG[45] keepalive
2024-08-28 14:34:57; 2024-08-28; 14:34:57; [123] PING; 
2024-08-28 14:34:57; 2024-08-28; 14:34:57; [146] PING; 
2024-08-28 14:34:58; ; 14:34:58; [106]/[123] PING PONG
2024-08-28 14:34:58; ; 14:34:58; [133]/[146] PING PONG
2024-08-28 14:34:59; 2024-08-28; 14:34:59; [124] PING; 
2024-08-28 14:34:59; 2024-08-28; 14:34:59; [147] PING; 
2024-08-28 14:34:59; ; 14:34:59; [134]/[147] PING PONG
2024-08-28 14:35:00; ; ; ; 14:35:00; [46] keepalive
2024-08-28 14:35:01; 2024-08-28; 14:35:01; [148] PING; 
2024-08-28 14:35:01; ; ; ; 14:35:01; [46] keepalive
2024-08-28 14:35:02; 2024-08-28; 14:35:02; [149] PING; 
2024-08-28 14:35:02; ; 14:35:02; [135]/[148] PING PONG
2024-08-28 14:35:02; 2024-08-28; 14:35:02; [125] PING; 
2024-08-28 14:35:03; ; 14:35:03; [107]/[125] PING PONG
2024-08-28 14:35:04; 2024-08-28; 14:35:04; [150] PING; 
2024-08-28 14:35:04; ; 14:35:04; [136]/[149] PING PONG
2024-08-28 14:35:05; 2024-08-28; 14:35:05; [126] PING; 
2024-08-28 14:35:05; ; ; ; 14:35:05; [47] keepalive
2024-08-28 14:35:05; 2024-08-28; 14:35:05; [151] PING; 
2024-08-28 14:35:05; ; ; ; 14:35:05; [137]/[150] PING PONG[47] keepalive
2024-08-28 14:35:06; 2024-08-28; 14:35:06; [127] PING; 
2024-08-28 14:35:06; ; 14:35:06; [108]/[126] PING PONG
2024-08-28 14:35:07; 2024-08-28; 14:35:07; [152] PING; 
2024-08-28 14:35:08; ; 14:35:08; [138]/[152] PING PONG
2024-08-28 14:35:09; 2024-08-28; 14:35:09; [128] PING; 
2024-08-28 14:35:09; ; 14:35:09; [109]/[127] PING PONG
2024-08-28 14:35:10; 2024-08-28; 14:35:10; [153] PING; 
2024-08-28 14:35:10; ; ; ; 14:35:10; [48] keepalive
2024-08-28 14:35:11; 2024-08-28; 14:35:11; [129] PING; 
2024-08-28 14:35:11; ; ; ; 14:35:11; [110]/[128] PING PONG[48] keepalive
2024-08-28 14:35:12; 2024-08-28; 14:35:12; [154] PING; 
2024-08-28 14:35:13; ; 14:35:13; [139]/[154] PING PONG
2024-08-28 14:35:14; 2024-08-28; 14:35:14; [130] PING; 
2024-08-28 14:35:14; ; 14:35:14; [111]/[129] PING PONG
2024-08-28 14:35:15; 2024-08-28; 14:35:15; [155] PING; 
2024-08-28 14:35:15; ; ; ; 14:35:15; [49] keepalive
2024-08-28 14:35:16; 2024-08-28; 14:35:16; [131] PING; 
2024-08-28 14:35:16; ; ; ; 14:35:16; [112]/[130] PING PONG[49] keepalive
2024-08-28 14:35:16; 2024-08-28; 14:35:16; [156] PING; 
2024-08-28 14:35:16; ; 14:35:16; [140]/[155] PING PONG
2024-08-28 14:35:16; 2024-08-28; 14:35:16; [132] PING; 
2024-08-28 14:35:16; ; 14:35:16; [113]/[131] PING PONG
2024-08-28 14:35:18; 2024-08-28; 14:35:18; [157] PING; 
2024-08-28 14:35:18; ; 14:35:18; [141]/[156] PING PONG
2024-08-28 14:35:18; 2024-08-28; 14:35:18; [133] PING; 
2024-08-28 14:35:18; 2024-08-28; 14:35:18; [158] PING; 
2024-08-28 14:35:18; ; 14:35:18; [142]/[157] PING PONG
2024-08-28 14:35:18; ; 14:35:18; [114]/[133] PING PONG
2024-08-28 14:35:19; 2024-08-28; 14:35:19; [159] PING; 
2024-08-28 14:35:19; 2024-08-28; 14:35:19; [134] PING; 
2024-08-28 14:35:19; ; 14:35:19; [143]/[159] PING PONG
2024-08-28 14:35:20; ; 14:35:20; [115]/[134] PING PONG
2024-08-28 14:35:21; 2024-08-28; 14:35:21; [160] PING; 
2024-08-28 14:35:21; ; ; ; 14:35:21; [50] keepalive
2024-08-28 14:35:22; 2024-08-28; 14:35:22; [161] PING; 
2024-08-28 14:35:22; ; 14:35:22; [144]/[160] PING PONG
2024-08-28 14:35:23; 2024-08-28; 14:35:23; [135] PING; 
2024-08-28 14:35:23; ; ; ; 14:35:23; [50] keepalive
2024-08-28 14:35:24; 2024-08-28; 14:35:24; [136] PING; 
2024-08-28 14:35:24; ; 14:35:24; [116]/[135] PING PONG
2024-08-28 14:35:24; 2024-08-28; 14:35:24; [162] PING; 
2024-08-28 14:35:25; ; 14:35:25; [145]/[162] PING PONG
2024-08-28 14:35:26; 2024-08-28; 14:35:26; [163] PING; 
2024-08-28 14:35:26; ; ; ; 14:35:26; [51] keepalive
2024-08-28 14:35:27; 2024-08-28; 14:35:27; [137] PING; 
2024-08-28 14:35:27; ; ; ; 14:35:27; [117]/[136] PING PONG[51] keepalive
2024-08-28 14:35:28; 2024-08-28; 14:35:28; [164] PING; 
2024-08-28 14:35:28; ; 14:35:28; [146]/[163] PING PONG
2024-08-28 14:35:29; 2024-08-28; 14:35:29; [138] PING; 
2024-08-28 14:35:29; ; 14:35:29; [118]/[137] PING PONG
2024-08-28 14:35:30; 2024-08-28; 14:35:30; [139] PING; 
2024-08-28 14:35:30; ; 14:35:30; [119]/[138] PING PONG
2024-08-28 14:35:31; 2024-08-28; 14:35:31; [165] PING; 
2024-08-28 14:35:31; ; ; ; 14:35:31; [147]/[164] PING PONG[52] keepalive
2024-08-28 14:35:32; 2024-08-28; 14:35:32; [140] PING; 
2024-08-28 14:35:32; ; ; ; 14:35:32; [52] keepalive
2024-08-28 14:35:33; 2024-08-28; 14:35:33; [166] PING; 
2024-08-28 14:35:33; ; 14:35:33; [148]/[165] PING PONG
2024-08-28 14:35:34; 2024-08-28; 14:35:34; [141] PING; 
2024-08-28 14:35:34; ; 14:35:34; [120]/[140] PING PONG
2024-08-28 14:35:35; 2024-08-28; 14:35:35; [167] PING; 
2024-08-28 14:35:35; ; 14:35:35; [149]/[166] PING PONG
2024-08-28 14:35:36; 2024-08-28; 14:35:36; [142] PING; 
2024-08-28 14:35:36; ; ; ; 14:35:36; [121]/[141] PING PONG[53] keepalive
2024-08-28 14:35:36; 2024-08-28; 14:35:36; [143] PING; 
2024-08-28 14:35:37; ; 14:35:37; [122]/[142] PING PONG
2024-08-28 14:35:38; 2024-08-28; 14:35:38; [168] PING; 
2024-08-28 14:35:38; ; ; ; 14:35:38; [53] keepalive
[150]/[167] PING PONG
2024-08-28 14:35:38; 2024-08-28; 14:35:38; [169] PING; 
2024-08-28 14:35:38; 2024-08-28; 14:35:38; [144] PING; 
2024-08-28 14:35:38; ; 14:35:38; [151]/[168] PING PONG
2024-08-28 14:35:38; ; 14:35:38; [123]/[143] PING PONG
2024-08-28 14:35:40; 2024-08-28; 14:35:40; [170] PING; 
2024-08-28 14:35:40; ; ; ; 14:35:40; [152]/[169] PING PONG[54] keepalive
2024-08-28 14:35:41; 2024-08-28; 14:35:41; [145] PING; 
2024-08-28 14:35:41; ; ; ; 14:35:41; [124]/[144] PING PONG[54] keepalive
2024-08-28 14:35:41; 2024-08-28; 14:35:41; [146] PING; 
2024-08-28 14:35:42; ; 14:35:42; [125]/[146] PING PONG
2024-08-28 14:35:42; 2024-08-28; 14:35:42; [171] PING; 
2024-08-28 14:35:42; ; 14:35:42; [153]/[170] PING PONG
2024-08-28 14:35:43; 2024-08-28; 14:35:43; [147] PING; 
2024-08-28 14:35:44; ; 14:35:44; [126]/[147] PING PONG
2024-08-28 14:35:44; 2024-08-28; 14:35:44; [172] PING; 
2024-08-28 14:35:44; ; 14:35:44; [154]/[171] PING PONG
2024-08-28 14:35:44; 2024-08-28; 14:35:44; [148] PING; 
2024-08-28 14:35:45; ; 14:35:45; [127]/[148] PING PONG
2024-08-28 14:35:45; 2024-08-28; 14:35:45; [173] PING; 
2024-08-28 14:35:45; ; ; ; 14:35:45; [155]/[172] PING PONG[55] keepalive
2024-08-28 14:35:45; 2024-08-28; 14:35:45; [149] PING; 
2024-08-28 14:35:45; ; ; ; 14:35:45; [55] keepalive
2024-08-28 14:35:47; 2024-08-28; 14:35:47; [150] PING; 
2024-08-28 14:35:47; ; 14:35:47; [128]/[149] PING PONG
2024-08-28 14:35:48; 2024-08-28; 14:35:48; [174] PING; 
2024-08-28 14:35:48; ; 14:35:48; [156]/[173] PING PONG
2024-08-28 14:35:49; 2024-08-28; 14:35:49; [151] PING; 
2024-08-28 14:35:49; ; 14:35:49; [129]/[150] PING PONG
2024-08-28 14:35:49; 2024-08-28; 14:35:49; [175] PING; 
2024-08-28 14:35:49; ; 14:35:49; [157]/[174] PING PONG
2024-08-28 14:35:49; 2024-08-28; 14:35:49; [152] PING; 
2024-08-28 14:35:49; ; 14:35:49; [130]/[151] PING PONG
2024-08-28 14:35:49; 2024-08-28; 14:35:49; [176] PING; 
2024-08-28 14:35:50; ; 14:35:50; [158]/[175] PING PONG
2024-08-28 14:35:50; 2024-08-28; 14:35:50; [153] PING; 
2024-08-28 14:35:50; ; 14:35:50; [131]/[152] PING PONG
2024-08-28 14:35:52; 2024-08-28; 14:35:52; [154] PING; 
2024-08-28 14:35:52; ; ; ; 14:35:52; [56] keepalive
[132]/[153] PING PONG
2024-08-28 14:35:52; 2024-08-28; 14:35:52; [155] PING; 
2024-08-28 14:35:53; ; 14:35:53; [133]/[154] PING PONG
2024-08-28 14:35:53; 2024-08-28; 14:35:53; [177] PING; 
2024-08-28 14:35:53; ; ; ; 14:35:53; [159]/[176] PING PONG[56] keepalive
2024-08-28 14:35:54; 2024-08-28; 14:35:54; [156] PING; 
2024-08-28 14:35:54; ; 14:35:54; [134]/[155] PING PONG
2024-08-28 14:35:54; 2024-08-28; 14:35:54; [178] PING; 
2024-08-28 14:35:54; ; 14:35:54; [160]/[177] PING PONG
2024-08-28 14:35:56; 2024-08-28; 14:35:56; [157] PING; 
2024-08-28 14:35:56; ; ; ; 14:35:56; [135]/[156] PING PONG[57] keepalive
2024-08-28 14:35:57; 2024-08-28; 14:35:57; [179] PING; 
2024-08-28 14:35:57; ; ; ; 14:35:57; [161]/[178] PING PONG[57] keepalive
2024-08-28 14:35:57; 2024-08-28; 14:35:57; [158] PING; 
2024-08-28 14:35:57; ; 14:35:57; [136]/[157] PING PONG
2024-08-28 14:35:58; 2024-08-28; 14:35:58; [159] PING; 
2024-08-28 14:35:58; ; 14:35:58; [137]/[158] PING PONG
2024-08-28 14:35:59; 2024-08-28; 14:35:59; [180] PING; 
2024-08-28 14:35:59; ; 14:35:59; [162]/[180] PING PONG
2024-08-28 14:36:00; 2024-08-28; 14:36:00; [181] PING; 
2024-08-28 14:36:00; 2024-08-28; 14:36:00; [160] PING; 
2024-08-28 14:36:00; ; 14:36:00; [138]/[159] PING PONG
2024-08-28 14:36:00; ; 14:36:00; [163]/[181] PING PONG
2024-08-28 14:36:01; 2024-08-28; 14:36:01; [161] PING; 
2024-08-28 14:36:01; ; ; ; 14:36:01; [58] keepalive
[139]/[160] PING PONG
2024-08-28 14:36:01; 2024-08-28; 14:36:01; [182] PING; 
2024-08-28 14:36:01; ; ; ; 14:36:01; [58] keepalive
2024-08-28 14:36:03; 2024-08-28; 14:36:03; [162] PING; 
2024-08-28 14:36:03; ; 14:36:03; [140]/[162] PING PONG
2024-08-28 14:36:03; 2024-08-28; 14:36:03; [183] PING; 
2024-08-28 14:36:03; ; 14:36:03; [164]/[182] PING PONG
2024-08-28 14:36:05; 2024-08-28; 14:36:05; [184] PING; 
2024-08-28 14:36:05; ; 14:36:05; [165]/[183] PING PONG
2024-08-28 14:36:05; 2024-08-28; 14:36:05; [163] PING; 
2024-08-28 14:36:05; ; ; ; 14:36:05; [59] keepalive
2024-08-28 14:36:06; 2024-08-28; 14:36:06; [185] PING; 
2024-08-28 14:36:06; ; ; ; 14:36:06; [59] keepalive
